TN:
SF:src\enums\productErrors.ts
FN:1,(anonymous_0)
FNF:1
FNH:1
FNDA:1,(anonymous_0)
DA:1,1
DA:2,1
DA:3,1
DA:4,1
DA:5,1
DA:6,1
LF:6
LH:6
BRDA:1,0,0,1
BRDA:1,0,1,1
BRF:2
BRH:2
end_of_record
TN:
SF:src\errors\customError.ts
FN:2,(anonymous_0)
FNF:1
FNH:1
FNDA:9,(anonymous_0)
DA:1,1
DA:3,9
DA:4,9
LF:3
LH:3
BRF:0
BRH:0
end_of_record
TN:
SF:src\models\product.ts
FN:11,(anonymous_0)
FN:25,(anonymous_1)
FN:32,(anonymous_2)
FN:39,(anonymous_3)
FN:46,(anonymous_4)
FN:54,(anonymous_5)
FNF:6
FNH:6
FNDA:10,(anonymous_0)
FNDA:10,(anonymous_1)
FNDA:8,(anonymous_2)
FNDA:6,(anonymous_3)
FNDA:5,(anonymous_4)
FNDA:3,(anonymous_5)
DA:1,1
DA:2,1
DA:4,1
DA:18,10
DA:19,8
DA:20,6
DA:21,5
DA:22,3
DA:26,10
DA:27,2
DA:29,8
DA:33,8
DA:34,2
DA:36,6
DA:40,6
DA:41,1
DA:43,5
DA:47,5
DA:48,5
DA:49,2
DA:51,3
DA:55,3
DA:56,3
DA:57,2
DA:59,1
LF:25
LH:25
BRDA:26,0,0,2
BRDA:33,1,0,2
BRDA:33,2,0,8
BRDA:33,2,1,7
BRDA:40,3,0,1
BRDA:48,4,0,2
BRDA:56,5,0,2
BRF:7
BRH:7
end_of_record
